#
# There is insufficient memory for the Java Runtime Environment to continue.
# Native memory allocation (malloc) failed to allocate 186176 bytes for Chunk::new
# Possible reasons:
#   The system is out of physical RAM or swap space
#   The process is running with CompressedOops enabled, and the Java Heap may be blocking the growth of the native heap
# Possible solutions:
#   Reduce memory load on the system
#   Increase physical memory or swap space
#   Check if swap backing store is full
#   Decrease Java heap size (-Xmx/-Xms)
#   Decrease number of Java threads
#   Decrease Java thread stack sizes (-Xss)
#   Set larger code cache with -XX:ReservedCodeCacheSize=
#   JVM is running with Zero Based Compressed Oops mode in which the Java heap is
#     placed in the first 32GB address space. The Java Heap base address is the
#     maximum limit for the native heap growth. Please use -XX:HeapBaseMinAddress
#     to set the Java Heap base and to place the Java Heap above 32GB virtual address.
# This output file may be truncated or incomplete.
#
#  Out of Memory Error (arena.cpp:189), pid=16660, tid=23136
#
# JRE version: Java(TM) SE Runtime Environment (17.0.6+9) (build 17.0.6+9-LTS-190)
# Java VM: Java HotSpot(TM) 64-Bit Server VM (17.0.6+9-LTS-190, mixed mode, sharing, tiered, compressed oops, compressed class ptrs, g1 gc, windows-amd64)
# No core dump will be written. Minidumps are not enabled by default on client versions of Windows
#

---------------  S U M M A R Y ------------

Command Line: -javaagent:D:\Program Files (x86)\JetBrains\IntelliJ IDEA Community Edition 2023.2.1\lib\idea_rt.jar=56365:D:\Program Files (x86)\JetBrains\IntelliJ IDEA Community Edition 2023.2.1\bin -Dfile.encoding=UTF-8 com.emilio.backend.BackendApplication

Host: Intel(R) Core(TM) i3-8100 CPU @ 3.60GHz, 4 cores, 15G,  Windows 10 , 64 bit Build 19041 (10.0.19041.4842)
Time: Wed Sep 18 17:27:55 2024 Westl. Südamerika Normalzeit elapsed time: 3.097239 seconds (0d 0h 0m 3s)

---------------  T H R E A D  ---------------

Current thread (0x000002a87f4a4af0):  JavaThread "C2 CompilerThread1" daemon [_thread_in_native, id=23136, stack(0x000000d9bcd00000,0x000000d9bce00000)]


Current CompileTask:
C2:   3097 2630       4       org.springframework.util.ConcurrentReferenceHashMap::get (37 bytes)

Stack: [0x000000d9bcd00000,0x000000d9bce00000]
Native frames: (J=compiled Java code, j=interpreted, Vv=VM code, C=native code)
V  [jvm.dll+0x6734ea]
V  [jvm.dll+0x7d18f4]
V  [jvm.dll+0x7d309e]
V  [jvm.dll+0x7d3703]
V  [jvm.dll+0x2433c5]
V  [jvm.dll+0xaa46b]
V  [jvm.dll+0xaaa0c]
V  [jvm.dll+0x2a8b1f]
V  [jvm.dll+0x57bf85]
V  [jvm.dll+0x21e142]
V  [jvm.dll+0x2178ef]
V  [jvm.dll+0x215109]
V  [jvm.dll+0x1a1730]
V  [jvm.dll+0x224b6e]
V  [jvm.dll+0x222f15]
V  [jvm.dll+0x78753c]
V  [jvm.dll+0x781a7a]
V  [jvm.dll+0x672375]
C  [ucrtbase.dll+0x21bb2]
C  [KERNEL32.DLL+0x17374]
C  [ntdll.dll+0x4cc91]


---------------  P R O C E S S  ---------------

Threads class SMR info:
_java_thread_list=0x000002a80050b880, length=16, elements={
0x000002a859b018e0, 0x000002a87df30e40, 0x000002a87df34770, 0x000002a87df455d0,
0x000002a87df462a0, 0x000002a87df4e700, 0x000002a87df4c080, 0x000002a87df4a350,
0x000002a87df5fc60, 0x000002a87e950040, 0x000002a87df4c550, 0x000002a87df4dd60,
0x000002a87df4f570, 0x000002a87f4a4af0, 0x000002a87df4e230, 0x000002a87df4bbb0
}

Java Threads: ( => current thread )
  0x000002a859b018e0 JavaThread "main" [_thread_blocked, id=1684, stack(0x000000d9bb600000,0x000000d9bb700000)]
  0x000002a87df30e40 JavaThread "Reference Handler" daemon [_thread_blocked, id=6420, stack(0x000000d9bbd00000,0x000000d9bbe00000)]
  0x000002a87df34770 JavaThread "Finalizer" daemon [_thread_blocked, id=28052, stack(0x000000d9bbe00000,0x000000d9bbf00000)]
  0x000002a87df455d0 JavaThread "Signal Dispatcher" daemon [_thread_blocked, id=14936, stack(0x000000d9bbf00000,0x000000d9bc000000)]
  0x000002a87df462a0 JavaThread "Attach Listener" daemon [_thread_blocked, id=18152, stack(0x000000d9bc000000,0x000000d9bc100000)]
  0x000002a87df4e700 JavaThread "Service Thread" daemon [_thread_blocked, id=10512, stack(0x000000d9bc100000,0x000000d9bc200000)]
  0x000002a87df4c080 JavaThread "Monitor Deflation Thread" daemon [_thread_blocked, id=21344, stack(0x000000d9bc200000,0x000000d9bc300000)]
  0x000002a87df4a350 JavaThread "C2 CompilerThread0" daemon [_thread_blocked, id=24764, stack(0x000000d9bc300000,0x000000d9bc400000)]
  0x000002a87df5fc60 JavaThread "C1 CompilerThread0" daemon [_thread_blocked, id=25516, stack(0x000000d9bc400000,0x000000d9bc500000)]
  0x000002a87e950040 JavaThread "Sweeper thread" daemon [_thread_blocked, id=11752, stack(0x000000d9bc500000,0x000000d9bc600000)]
  0x000002a87df4c550 JavaThread "Common-Cleaner" daemon [_thread_blocked, id=22448, stack(0x000000d9bc600000,0x000000d9bc700000)]
  0x000002a87df4dd60 JavaThread "Monitor Ctrl-Break" daemon [_thread_in_native, id=12768, stack(0x000000d9bc700000,0x000000d9bc800000)]
  0x000002a87df4f570 JavaThread "Notification Thread" daemon [_thread_blocked, id=24108, stack(0x000000d9bc800000,0x000000d9bc900000)]
=>0x000002a87f4a4af0 JavaThread "C2 CompilerThread1" daemon [_thread_in_native, id=23136, stack(0x000000d9bcd00000,0x000000d9bce00000)]
  0x000002a87df4e230 JavaThread "Thread-0" [_thread_blocked, id=10312, stack(0x000000d9bce00000,0x000000d9bcf00000)]
  0x000002a87df4bbb0 JavaThread "restartedMain" [_thread_in_vm, id=27756, stack(0x000000d9bcf00000,0x000000d9bd000000)]

Other Threads:
  0x000002a87df2db70 VMThread "VM Thread" [stack: 0x000000d9bbc00000,0x000000d9bbd00000] [id=21048]
  0x000002a859b02ca0 WatcherThread [stack: 0x000000d9bc900000,0x000000d9bca00000] [id=28040]
  0x000002a859b6b590 GCTaskThread "GC Thread#0" [stack: 0x000000d9bb700000,0x000000d9bb800000] [id=28720]
  0x000002a87eee4970 GCTaskThread "GC Thread#1" [stack: 0x000000d9bca00000,0x000000d9bcb00000] [id=26596]
  0x000002a87eea0fb0 GCTaskThread "GC Thread#2" [stack: 0x000000d9bcb00000,0x000000d9bcc00000] [id=22148]
  0x000002a87f136eb0 GCTaskThread "GC Thread#3" [stack: 0x000000d9bcc00000,0x000000d9bcd00000] [id=26100]
  0x000002a859b7c390 ConcurrentGCThread "G1 Main Marker" [stack: 0x000000d9bb800000,0x000000d9bb900000] [id=22864]
  0x000002a859b7f960 ConcurrentGCThread "G1 Conc#0" [stack: 0x000000d9bb900000,0x000000d9bba00000] [id=4272]
  0x000002a859bc3d30 ConcurrentGCThread "G1 Refine#0" [stack: 0x000000d9bba00000,0x000000d9bbb00000] [id=7512]
  0x000002a859bc4660 ConcurrentGCThread "G1 Service" [stack: 0x000000d9bbb00000,0x000000d9bbc00000] [id=9172]

Threads with active compile tasks:
C1 CompilerThread0     3133 2641       3       org.springframework.core.io.ClassPathResource::equals (51 bytes)
C2 CompilerThread1     3133 2630       4       org.springframework.util.ConcurrentReferenceHashMap::get (37 bytes)

VM state: not at safepoint (normal execution)

VM Mutex/Monitor currently owned by a thread: None

Heap address: 0x0000000701400000, size: 4076 MB, Compressed Oops mode: Zero based, Oop shift amount: 3

CDS archive(s) mapped at: [0x0000000800000000-0x0000000800bd0000-0x0000000800bd0000), size 12386304, SharedBaseAddress: 0x0000000800000000, ArchiveRelocationMode: 0.
Compressed class space mapped at: 0x0000000800c00000-0x0000000840c00000, reserved size: 1073741824
Narrow klass base: 0x0000000800000000, Narrow klass shift: 0, Narrow klass range: 0x100000000

GC Precious Log:
 CPUs: 4 total, 4 available
 Memory: 16299M
 Large Page Support: Disabled
 NUMA Support: Disabled
 Compressed Oops: Enabled (Zero based)
 Heap Region Size: 2M
 Heap Min Capacity: 8M
 Heap Initial Capacity: 256M
 Heap Max Capacity: 4076M
 Pre-touch: Disabled
 Parallel Workers: 4
 Concurrent Workers: 1
 Concurrent Refinement Workers: 4
 Periodic GC: Disabled

Heap:
 garbage-first heap   total 262144K, used 45167K [0x0000000701400000, 0x0000000800000000)
  region size 2048K, 22 young (45056K), 2 survivors (4096K)
 Metaspace       used 18808K, committed 19136K, reserved 1073152K
  class space    used 2294K, committed 2432K, reserved 1048576K

Heap Regions: E=young(eden), S=young(survivor), O=old, HS=humongous(starts), HC=humongous(continues), CS=collection set, F=free, OA=open archive, CA=closed archive, TAMS=top-at-mark-start (previous, next)
|   0|0x0000000701400000, 0x0000000701600000, 0x0000000701600000|100%| O|  |TAMS 0x0000000701400000, 0x0000000701400000| Untracked 
|   1|0x0000000701600000, 0x0000000701800000, 0x0000000701800000|100%| O|  |TAMS 0x0000000701600000, 0x0000000701600000| Untracked 
|   2|0x0000000701800000, 0x00000007019aa000, 0x0000000701a00000| 83%| O|  |TAMS 0x0000000701800000, 0x0000000701800000| Untracked 
|   3|0x0000000701a00000, 0x0000000701a00000, 0x0000000701c00000|  0%| F|  |TAMS 0x0000000701a00000, 0x0000000701a00000| Untracked 
|   4|0x0000000701c00000, 0x0000000701c00000, 0x0000000701e00000|  0%| F|  |TAMS 0x0000000701c00000, 0x0000000701c00000| Untracked 
|   5|0x0000000701e00000, 0x0000000701e00000, 0x0000000702000000|  0%| F|  |TAMS 0x0000000701e00000, 0x0000000701e00000| Untracked 
|   6|0x0000000702000000, 0x0000000702000000, 0x0000000702200000|  0%| F|  |TAMS 0x0000000702000000, 0x0000000702000000| Untracked 
|   7|0x0000000702200000, 0x0000000702200000, 0x0000000702400000|  0%| F|  |TAMS 0x0000000702200000, 0x0000000702200000| Untracked 
|   8|0x0000000702400000, 0x0000000702400000, 0x0000000702600000|  0%| F|  |TAMS 0x0000000702400000, 0x0000000702400000| Untracked 
|   9|0x0000000702600000, 0x0000000702600000, 0x0000000702800000|  0%| F|  |TAMS 0x0000000702600000, 0x0000000702600000| Untracked 
|  10|0x0000000702800000, 0x0000000702800000, 0x0000000702a00000|  0%| F|  |TAMS 0x0000000702800000, 0x0000000702800000| Untracked 
|  11|0x0000000702a00000, 0x0000000702a00000, 0x0000000702c00000|  0%| F|  |TAMS 0x0000000702a00000, 0x0000000702a00000| Untracked 
|  12|0x0000000702c00000, 0x0000000702c00000, 0x0000000702e00000|  0%| F|  |TAMS 0x0000000702c00000, 0x0000000702c00000| Untracked 
|  13|0x0000000702e00000, 0x0000000702e00000, 0x0000000703000000|  0%| F|  |TAMS 0x0000000702e00000, 0x0000000702e00000| Untracked 
|  14|0x0000000703000000, 0x0000000703000000, 0x0000000703200000|  0%| F|  |TAMS 0x0000000703000000, 0x0000000703000000| Untracked 
|  15|0x0000000703200000, 0x0000000703200000, 0x0000000703400000|  0%| F|  |TAMS 0x0000000703200000, 0x0000000703200000| Untracked 
|  16|0x0000000703400000, 0x0000000703400000, 0x0000000703600000|  0%| F|  |TAMS 0x0000000703400000, 0x0000000703400000| Untracked 
|  17|0x0000000703600000, 0x0000000703600000, 0x0000000703800000|  0%| F|  |TAMS 0x0000000703600000, 0x0000000703600000| Untracked 
|  18|0x0000000703800000, 0x0000000703800000, 0x0000000703a00000|  0%| F|  |TAMS 0x0000000703800000, 0x0000000703800000| Untracked 
|  19|0x0000000703a00000, 0x0000000703a00000, 0x0000000703c00000|  0%| F|  |TAMS 0x0000000703a00000, 0x0000000703a00000| Untracked 
|  20|0x0000000703c00000, 0x0000000703c00000, 0x0000000703e00000|  0%| F|  |TAMS 0x0000000703c00000, 0x0000000703c00000| Untracked 
|  21|0x0000000703e00000, 0x0000000703e00000, 0x0000000704000000|  0%| F|  |TAMS 0x0000000703e00000, 0x0000000703e00000| Untracked 
|  22|0x0000000704000000, 0x0000000704000000, 0x0000000704200000|  0%| F|  |TAMS 0x0000000704000000, 0x0000000704000000| Untracked 
|  23|0x0000000704200000, 0x0000000704200000, 0x0000000704400000|  0%| F|  |TAMS 0x0000000704200000, 0x0000000704200000| Untracked 
|  24|0x0000000704400000, 0x0000000704400000, 0x0000000704600000|  0%| F|  |TAMS 0x0000000704400000, 0x0000000704400000| Untracked 
|  25|0x0000000704600000, 0x0000000704600000, 0x0000000704800000|  0%| F|  |TAMS 0x0000000704600000, 0x0000000704600000| Untracked 
|  26|0x0000000704800000, 0x0000000704800000, 0x0000000704a00000|  0%| F|  |TAMS 0x0000000704800000, 0x0000000704800000| Untracked 
|  27|0x0000000704a00000, 0x0000000704a00000, 0x0000000704c00000|  0%| F|  |TAMS 0x0000000704a00000, 0x0000000704a00000| Untracked 
|  28|0x0000000704c00000, 0x0000000704c00000, 0x0000000704e00000|  0%| F|  |TAMS 0x0000000704c00000, 0x0000000704c00000| Untracked 
|  29|0x0000000704e00000, 0x0000000704e00000, 0x0000000705000000|  0%| F|  |TAMS 0x0000000704e00000, 0x0000000704e00000| Untracked 
|  30|0x0000000705000000, 0x0000000705000000, 0x0000000705200000|  0%| F|  |TAMS 0x0000000705000000, 0x0000000705000000| Untracked 
|  31|0x0000000705200000, 0x0000000705200000, 0x0000000705400000|  0%| F|  |TAMS 0x0000000705200000, 0x0000000705200000| Untracked 
|  32|0x0000000705400000, 0x0000000705400000, 0x0000000705600000|  0%| F|  |TAMS 0x0000000705400000, 0x0000000705400000| Untracked 
|  33|0x0000000705600000, 0x0000000705600000, 0x0000000705800000|  0%| F|  |TAMS 0x0000000705600000, 0x0000000705600000| Untracked 
|  34|0x0000000705800000, 0x0000000705800000, 0x0000000705a00000|  0%| F|  |TAMS 0x0000000705800000, 0x0000000705800000| Untracked 
|  35|0x0000000705a00000, 0x0000000705a00000, 0x0000000705c00000|  0%| F|  |TAMS 0x0000000705a00000, 0x0000000705a00000| Untracked 
|  36|0x0000000705c00000, 0x0000000705c00000, 0x0000000705e00000|  0%| F|  |TAMS 0x0000000705c00000, 0x0000000705c00000| Untracked 
|  37|0x0000000705e00000, 0x0000000705e00000, 0x0000000706000000|  0%| F|  |TAMS 0x0000000705e00000, 0x0000000705e00000| Untracked 
|  38|0x0000000706000000, 0x0000000706000000, 0x0000000706200000|  0%| F|  |TAMS 0x0000000706000000, 0x0000000706000000| Untracked 
|  39|0x0000000706200000, 0x0000000706200000, 0x0000000706400000|  0%| F|  |TAMS 0x0000000706200000, 0x0000000706200000| Untracked 
|  40|0x0000000706400000, 0x0000000706400000, 0x0000000706600000|  0%| F|  |TAMS 0x0000000706400000, 0x0000000706400000| Untracked 
|  41|0x0000000706600000, 0x0000000706600000, 0x0000000706800000|  0%| F|  |TAMS 0x0000000706600000, 0x0000000706600000| Untracked 
|  42|0x0000000706800000, 0x0000000706800000, 0x0000000706a00000|  0%| F|  |TAMS 0x0000000706800000, 0x0000000706800000| Untracked 
|  43|0x0000000706a00000, 0x0000000706a00000, 0x0000000706c00000|  0%| F|  |TAMS 0x0000000706a00000, 0x0000000706a00000| Untracked 
|  44|0x0000000706c00000, 0x0000000706c00000, 0x0000000706e00000|  0%| F|  |TAMS 0x0000000706c00000, 0x0000000706c00000| Untracked 
|  45|0x0000000706e00000, 0x0000000706e00000, 0x0000000707000000|  0%| F|  |TAMS 0x0000000706e00000, 0x0000000706e00000| Untracked 
|  46|0x0000000707000000, 0x0000000707000000, 0x0000000707200000|  0%| F|  |TAMS 0x0000000707000000, 0x0000000707000000| Untracked 
|  47|0x0000000707200000, 0x0000000707200000, 0x0000000707400000|  0%| F|  |TAMS 0x0000000707200000, 0x0000000707200000| Untracked 
|  48|0x0000000707400000, 0x0000000707400000, 0x0000000707600000|  0%| F|  |TAMS 0x0000000707400000, 0x0000000707400000| Untracked 
|  49|0x0000000707600000, 0x0000000707600000, 0x0000000707800000|  0%| F|  |TAMS 0x0000000707600000, 0x0000000707600000| Untracked 
|  50|0x0000000707800000, 0x0000000707800000, 0x0000000707a00000|  0%| F|  |TAMS 0x0000000707800000, 0x0000000707800000| Untracked 
|  51|0x0000000707a00000, 0x0000000707a00000, 0x0000000707c00000|  0%| F|  |TAMS 0x0000000707a00000, 0x0000000707a00000| Untracked 
|  52|0x0000000707c00000, 0x0000000707c00000, 0x0000000707e00000|  0%| F|  |TAMS 0x0000000707c00000, 0x0000000707c00000| Untracked 
|  53|0x0000000707e00000, 0x0000000707e00000, 0x0000000708000000|  0%| F|  |TAMS 0x0000000707e00000, 0x0000000707e00000| Untracked 
|  54|0x0000000708000000, 0x0000000708000000, 0x0000000708200000|  0%| F|  |TAMS 0x0000000708000000, 0x0000000708000000| Untracked 
|  55|0x0000000708200000, 0x0000000708200000, 0x0000000708400000|  0%| F|  |TAMS 0x0000000708200000, 0x0000000708200000| Untracked 
|  56|0x0000000708400000, 0x0000000708400000, 0x0000000708600000|  0%| F|  |TAMS 0x0000000708400000, 0x0000000708400000| Untracked 
|  57|0x0000000708600000, 0x0000000708600000, 0x0000000708800000|  0%| F|  |TAMS 0x0000000708600000, 0x0000000708600000| Untracked 
|  58|0x0000000708800000, 0x0000000708800000, 0x0000000708a00000|  0%| F|  |TAMS 0x0000000708800000, 0x0000000708800000| Untracked 
|  59|0x0000000708a00000, 0x0000000708a00000, 0x0000000708c00000|  0%| F|  |TAMS 0x0000000708a00000, 0x0000000708a00000| Untracked 
|  60|0x0000000708c00000, 0x0000000708c00000, 0x0000000708e00000|  0%| F|  |TAMS 0x0000000708c00000, 0x0000000708c00000| Untracked 
|  61|0x0000000708e00000, 0x0000000708e00000, 0x0000000709000000|  0%| F|  |TAMS 0x0000000708e00000, 0x0000000708e00000| Untracked 
|  62|0x0000000709000000, 0x0000000709000000, 0x0000000709200000|  0%| F|  |TAMS 0x0000000709000000, 0x0000000709000000| Untracked 
|  63|0x0000000709200000, 0x0000000709200000, 0x0000000709400000|  0%| F|  |TAMS 0x0000000709200000, 0x0000000709200000| Untracked 
|  64|0x0000000709400000, 0x0000000709400000, 0x0000000709600000|  0%| F|  |TAMS 0x0000000709400000, 0x0000000709400000| Untracked 
|  65|0x0000000709600000, 0x0000000709600000, 0x0000000709800000|  0%| F|  |TAMS 0x0000000709600000, 0x0000000709600000| Untracked 
|  66|0x0000000709800000, 0x0000000709800000, 0x0000000709a00000|  0%| F|  |TAMS 0x0000000709800000, 0x0000000709800000| Untracked 
|  67|0x0000000709a00000, 0x0000000709a00000, 0x0000000709c00000|  0%| F|  |TAMS 0x0000000709a00000, 0x0000000709a00000| Untracked 
|  68|0x0000000709c00000, 0x0000000709c00000, 0x0000000709e00000|  0%| F|  |TAMS 0x0000000709c00000, 0x0000000709c00000| Untracked 
|  69|0x0000000709e00000, 0x0000000709e00000, 0x000000070a000000|  0%| F|  |TAMS 0x0000000709e00000, 0x0000000709e00000| Untracked 
|  70|0x000000070a000000, 0x000000070a000000, 0x000000070a200000|  0%| F|  |TAMS 0x000000070a000000, 0x000000070a000000| Untracked 
|  71|0x000000070a200000, 0x000000070a200000, 0x000000070a400000|  0%| F|  |TAMS 0x000000070a200000, 0x000000070a200000| Untracked 
|  72|0x000000070a400000, 0x000000070a400000, 0x000000070a600000|  0%| F|  |TAMS 0x000000070a400000, 0x000000070a400000| Untracked 
|  73|0x000000070a600000, 0x000000070a600000, 0x000000070a800000|  0%| F|  |TAMS 0x000000070a600000, 0x000000070a600000| Untracked 
|  74|0x000000070a800000, 0x000000070a800000, 0x000000070aa00000|  0%| F|  |TAMS 0x000000070a800000, 0x000000070a800000| Untracked 
|  75|0x000000070aa00000, 0x000000070aa00000, 0x000000070ac00000|  0%| F|  |TAMS 0x000000070aa00000, 0x000000070aa00000| Untracked 
|  76|0x000000070ac00000, 0x000000070ac00000, 0x000000070ae00000|  0%| F|  |TAMS 0x000000070ac00000, 0x000000070ac00000| Untracked 
|  77|0x000000070ae00000, 0x000000070ae00000, 0x000000070b000000|  0%| F|  |TAMS 0x000000070ae00000, 0x000000070ae00000| Untracked 
|  78|0x000000070b000000, 0x000000070b000000, 0x000000070b200000|  0%| F|  |TAMS 0x000000070b000000, 0x000000070b000000| Untracked 
|  79|0x000000070b200000, 0x000000070b200000, 0x000000070b400000|  0%| F|  |TAMS 0x000000070b200000, 0x000000070b200000| Untracked 
|  80|0x000000070b400000, 0x000000070b400000, 0x000000070b600000|  0%| F|  |TAMS 0x000000070b400000, 0x000000070b400000| Untracked 
|  81|0x000000070b600000, 0x000000070b600000, 0x000000070b800000|  0%| F|  |TAMS 0x000000070b600000, 0x000000070b600000| Untracked 
|  82|0x000000070b800000, 0x000000070b800000, 0x000000070ba00000|  0%| F|  |TAMS 0x000000070b800000, 0x000000070b800000| Untracked 
|  83|0x000000070ba00000, 0x000000070ba00000, 0x000000070bc00000|  0%| F|  |TAMS 0x000000070ba00000, 0x000000070ba00000| Untracked 
|  84|0x000000070bc00000, 0x000000070bc00000, 0x000000070be00000|  0%| F|  |TAMS 0x000000070bc00000, 0x000000070bc00000| Untracked 
|  85|0x000000070be00000, 0x000000070be00000, 0x000000070c000000|  0%| F|  |TAMS 0x000000070be00000, 0x000000070be00000| Untracked 
|  86|0x000000070c000000, 0x000000070c000000, 0x000000070c200000|  0%| F|  |TAMS 0x000000070c000000, 0x000000070c000000| Untracked 
|  87|0x000000070c200000, 0x000000070c200000, 0x000000070c400000|  0%| F|  |TAMS 0x000000070c200000, 0x000000070c200000| Untracked 
|  88|0x000000070c400000, 0x000000070c400000, 0x000000070c600000|  0%| F|  |TAMS 0x000000070c400000, 0x000000070c400000| Untracked 
|  89|0x000000070c600000, 0x000000070c600000, 0x000000070c800000|  0%| F|  |TAMS 0x000000070c600000, 0x000000070c600000| Untracked 
|  90|0x000000070c800000, 0x000000070c800000, 0x000000070ca00000|  0%| F|  |TAMS 0x000000070c800000, 0x000000070c800000| Untracked 
|  91|0x000000070ca00000, 0x000000070ca00000, 0x000000070cc00000|  0%| F|  |TAMS 0x000000070ca00000, 0x000000070ca00000| Untracked 
|  92|0x000000070cc00000, 0x000000070cc00000, 0x000000070ce00000|  0%| F|  |TAMS 0x000000070cc00000, 0x000000070cc00000| Untracked 
|  93|0x000000070ce00000, 0x000000070ce00000, 0x000000070d000000|  0%| F|  |TAMS 0x000000070ce00000, 0x000000070ce00000| Untracked 
|  94|0x000000070d000000, 0x000000070d000000, 0x000000070d200000|  0%| F|  |TAMS 0x000000070d000000, 0x000000070d000000| Untracked 
|  95|0x000000070d200000, 0x000000070d200000, 0x000000070d400000|  0%| F|  |TAMS 0x000000070d200000, 0x000000070d200000| Untracked 
|  96|0x000000070d400000, 0x000000070d400000, 0x000000070d600000|  0%| F|  |TAMS 0x000000070d400000, 0x000000070d400000| Untracked 
|  97|0x000000070d600000, 0x000000070d600000, 0x000000070d800000|  0%| F|  |TAMS 0x000000070d600000, 0x000000070d600000| Untracked 
|  98|0x000000070d800000, 0x000000070d800000, 0x000000070da00000|  0%| F|  |TAMS 0x000000070d800000, 0x000000070d800000| Untracked 
|  99|0x000000070da00000, 0x000000070da00000, 0x000000070dc00000|  0%| F|  |TAMS 0x000000070da00000, 0x000000070da00000| Untracked 
| 100|0x000000070dc00000, 0x000000070dc00000, 0x000000070de00000|  0%| F|  |TAMS 0x000000070dc00000, 0x000000070dc00000| Untracked 
| 101|0x000000070de00000, 0x000000070de00000, 0x000000070e000000|  0%| F|  |TAMS 0x000000070de00000, 0x000000070de00000| Untracked 
| 102|0x000000070e000000, 0x000000070e000000, 0x000000070e200000|  0%| F|  |TAMS 0x000000070e000000, 0x000000070e000000| Untracked 
| 103|0x000000070e200000, 0x000000070e200000, 0x000000070e400000|  0%| F|  |TAMS 0x000000070e200000, 0x000000070e200000| Untracked 
| 104|0x000000070e400000, 0x000000070e400000, 0x000000070e600000|  0%| F|  |TAMS 0x000000070e400000, 0x000000070e400000| Untracked 
| 105|0x000000070e600000, 0x000000070e600000, 0x000000070e800000|  0%| F|  |TAMS 0x000000070e600000, 0x000000070e600000| Untracked 
| 106|0x000000070e800000, 0x000000070ea00000, 0x000000070ea00000|100%| E|  |TAMS 0x000000070e800000, 0x000000070e800000| Complete 
| 107|0x000000070ea00000, 0x000000070ec00000, 0x000000070ec00000|100%| E|CS|TAMS 0x000000070ea00000, 0x000000070ea00000| Complete 
| 108|0x000000070ec00000, 0x000000070ee00000, 0x000000070ee00000|100%| E|CS|TAMS 0x000000070ec00000, 0x000000070ec00000| Complete 
| 109|0x000000070ee00000, 0x000000070f000000, 0x000000070f000000|100%| E|CS|TAMS 0x000000070ee00000, 0x000000070ee00000| Complete 
| 110|0x000000070f000000, 0x000000070f200000, 0x000000070f200000|100%| E|CS|TAMS 0x000000070f000000, 0x000000070f000000| Complete 
| 111|0x000000070f200000, 0x000000070f400000, 0x000000070f400000|100%| E|CS|TAMS 0x000000070f200000, 0x000000070f200000| Complete 
| 112|0x000000070f400000, 0x000000070f600000, 0x000000070f600000|100%| E|CS|TAMS 0x000000070f400000, 0x000000070f400000| Complete 
| 113|0x000000070f600000, 0x000000070f671c00, 0x000000070f800000| 22%| S|CS|TAMS 0x000000070f600000, 0x000000070f600000| Complete 
| 114|0x000000070f800000, 0x000000070fa00000, 0x000000070fa00000|100%| S|CS|TAMS 0x000000070f800000, 0x000000070f800000| Complete 
| 115|0x000000070fa00000, 0x000000070fc00000, 0x000000070fc00000|100%| E|CS|TAMS 0x000000070fa00000, 0x000000070fa00000| Complete 
| 116|0x000000070fc00000, 0x000000070fe00000, 0x000000070fe00000|100%| E|CS|TAMS 0x000000070fc00000, 0x000000070fc00000| Complete 
| 117|0x000000070fe00000, 0x0000000710000000, 0x0000000710000000|100%| E|CS|TAMS 0x000000070fe00000, 0x000000070fe00000| Complete 
| 118|0x0000000710000000, 0x0000000710200000, 0x0000000710200000|100%| E|CS|TAMS 0x0000000710000000, 0x0000000710000000| Complete 
| 119|0x0000000710200000, 0x0000000710400000, 0x0000000710400000|100%| E|CS|TAMS 0x0000000710200000, 0x0000000710200000| Complete 
| 120|0x0000000710400000, 0x0000000710600000, 0x0000000710600000|100%| E|CS|TAMS 0x0000000710400000, 0x0000000710400000| Complete 
| 121|0x0000000710600000, 0x0000000710800000, 0x0000000710800000|100%| E|CS|TAMS 0x0000000710600000, 0x0000000710600000| Complete 
| 122|0x0000000710800000, 0x0000000710a00000, 0x0000000710a00000|100%| E|CS|TAMS 0x0000000710800000, 0x0000000710800000| Complete 
| 123|0x0000000710a00000, 0x0000000710c00000, 0x0000000710c00000|100%| E|CS|TAMS 0x0000000710a00000, 0x0000000710a00000| Complete 
| 124|0x0000000710c00000, 0x0000000710e00000, 0x0000000710e00000|100%| E|CS|TAMS 0x0000000710c00000, 0x0000000710c00000| Complete 
| 125|0x0000000710e00000, 0x0000000711000000, 0x0000000711000000|100%| E|CS|TAMS 0x0000000710e00000, 0x0000000710e00000| Complete 
| 126|0x0000000711000000, 0x0000000711200000, 0x0000000711200000|100%| E|  |TAMS 0x0000000711000000, 0x0000000711000000| Complete 
| 127|0x0000000711200000, 0x0000000711400000, 0x0000000711400000|100%| E|CS|TAMS 0x0000000711200000, 0x0000000711200000| Complete 

Card table byte_map: [0x000002a872980000,0x000002a873180000] _byte_map_base: 0x000002a86f176000

Marking Bits (Prev, Next): (CMBitMap*) 0x000002a859b6bba0, (CMBitMap*) 0x000002a859b6bbe0
 Prev Bits: [0x000002a873980000, 0x000002a877930000)
 Next Bits: [0x000002a877930000, 0x000002a87b8e0000)

Polling page: 0x000002a862b30000

Metaspace:

Usage:
  Non-class:     16.14 MB used.
      Class:      2.24 MB used.
       Both:     18.39 MB used.

Virtual space:
  Non-class space:       24.00 MB reserved,      16.31 MB ( 68%) committed,  3 nodes.
      Class space:        1.00 GB reserved,       2.38 MB ( <1%) committed,  1 nodes.
             Both:        1.02 GB reserved,      18.69 MB (  2%) committed. 

Chunk freelists:
   Non-Class:  3.61 MB
       Class:  1.57 MB
        Both:  5.18 MB

MaxMetaspaceSize: unlimited
CompressedClassSpaceSize: 1.00 GB
Initial GC threshold: 21.00 MB
Current GC threshold: 21.00 MB
CDS: on
MetaspaceReclaimPolicy: balanced
 - commit_granule_bytes: 65536.
 - commit_granule_words: 8192.
 - virtual_space_node_default_size: 1048576.
 - enlarge_chunks_in_place: 1.
 - new_chunks_are_fully_committed: 0.
 - uncommit_free_chunks: 1.
 - use_allocation_guard: 0.
 - handle_deallocations: 1.


Internal statistics:

num_allocs_failed_limit: 0.
num_arena_births: 228.
num_arena_deaths: 0.
num_vsnodes_births: 4.
num_vsnodes_deaths: 0.
num_space_committed: 299.
num_space_uncommitted: 0.
num_chunks_returned_to_freelist: 0.
num_chunks_taken_from_freelist: 832.
num_chunk_merges: 0.
num_chunk_splits: 578.
num_chunks_enlarged: 456.
num_purges: 0.
num_inconsistent_stats: 0.

CodeHeap 'non-profiled nmethods': size=120000Kb used=1251Kb max_used=1251Kb free=118748Kb
 bounds [0x000002a86a620000, 0x000002a86a890000, 0x000002a871b50000]
CodeHeap 'profiled nmethods': size=120000Kb used=5508Kb max_used=5508Kb free=114491Kb
 bounds [0x000002a862b50000, 0x000002a8630c0000, 0x000002a86a080000]
CodeHeap 'non-nmethods': size=5760Kb used=1207Kb max_used=1283Kb free=4552Kb
 bounds [0x000002a86a080000, 0x000002a86a2f0000, 0x000002a86a620000]
 total_blobs=3166 nmethods=2661 adapters=417
 compilation: enabled
              stopped_count=0, restarted_count=0
 full_count=0

Compilation events (20 events):
Event: 2.915 Thread 0x000002a87df5fc60 nmethod 2621 0x000002a86308ca90 code [0x000002a86308cc20, 0x000002a86308cd68]
Event: 2.915 Thread 0x000002a87df5fc60 2622       3       org.springframework.core.env.SystemEnvironmentPropertySource::getProperty (52 bytes)
Event: 2.915 Thread 0x000002a87df5fc60 nmethod 2622 0x000002a86308ce10 code [0x000002a86308d020, 0x000002a86308d738]
Event: 2.918 Thread 0x000002a87df5fc60 2623       3       org.springframework.core.annotation.TypeMappedAnnotations::isPresent (39 bytes)
Event: 2.918 Thread 0x000002a87df5fc60 nmethod 2623 0x000002a86308d990 code [0x000002a86308db80, 0x000002a86308e188]
Event: 2.977 Thread 0x000002a87df4a350 nmethod 2524 0x000002a86a743910 code [0x000002a86a743fa0, 0x000002a86a74b838]
Event: 2.978 Thread 0x000002a87df4a350 2615       4       sun.net.www.protocol.file.Handler::parseURL (18 bytes)
Event: 2.990 Thread 0x000002a87df4a350 nmethod 2615 0x000002a86a74e410 code [0x000002a86a74e5c0, 0x000002a86a74ebe8]
Event: 3.000 Thread 0x000002a87f4a4af0 nmethod 2608 0x000002a86a74ef90 code [0x000002a86a74f260, 0x000002a86a753650]
Event: 3.086 Thread 0x000002a87df5fc60 2624       3       org.springframework.core.type.classreading.SimpleMethodMetadata::<init> (38 bytes)
Event: 3.086 Thread 0x000002a87df5fc60 nmethod 2624 0x000002a86308e310 code [0x000002a86308e4c0, 0x000002a86308e838]
Event: 3.089 Thread 0x000002a87df5fc60 2625       3       org.springframework.core.type.classreading.MergedAnnotationReadingVisitor$ArrayVisitor::visit (29 bytes)
Event: 3.089 Thread 0x000002a87df5fc60 nmethod 2625 0x000002a86308e910 code [0x000002a86308eae0, 0x000002a86308ef38]
Event: 3.089 Thread 0x000002a87df4a350 2626       4       sun.net.www.ParseUtil::encodePath (41 bytes)
Event: 3.090 Thread 0x000002a87df5fc60 2627       3       java.util.HashMap::removeNode (291 bytes)
Event: 3.090 Thread 0x000002a87df5fc60 nmethod 2627 0x000002a86308f090 code [0x000002a86308f320, 0x000002a863090698]
Event: 3.091 Thread 0x000002a87df5fc60 2628       3       org.springframework.asm.ClassReader::accept (1401 bytes)
Event: 3.092 Thread 0x000002a87f4a4af0 2630       4       org.springframework.util.ConcurrentReferenceHashMap::get (37 bytes)
Event: 3.092 Thread 0x000002a87df4a350 nmethod 2626 0x000002a86a755710 code [0x000002a86a7558a0, 0x000002a86a755ad8]
Event: 3.094 Thread 0x000002a87df4a350 2635       4       org.springframework.util.ConcurrentReferenceHashMap::getReference (18 bytes)

GC Heap History (6 events):
Event: 0.543 GC heap before
{Heap before GC invocations=0 (full 0):
 garbage-first heap   total 262144K, used 10240K [0x0000000701400000, 0x0000000800000000)
  region size 2048K, 6 young (12288K), 0 survivors (0K)
 Metaspace       used 2792K, committed 3008K, reserved 1056768K
  class space    used 273K, committed 384K, reserved 1048576K
}
Event: 0.547 GC heap after
{Heap after GC invocations=1 (full 0):
 garbage-first heap   total 262144K, used 5678K [0x0000000701400000, 0x0000000800000000)
  region size 2048K, 1 young (2048K), 1 survivors (2048K)
 Metaspace       used 2792K, committed 3008K, reserved 1056768K
  class space    used 273K, committed 384K, reserved 1048576K
}
Event: 0.926 GC heap before
{Heap before GC invocations=1 (full 0):
 garbage-first heap   total 262144K, used 13870K [0x0000000701400000, 0x0000000800000000)
  region size 2048K, 6 young (12288K), 1 survivors (2048K)
 Metaspace       used 5306K, committed 5504K, reserved 1056768K
  class space    used 600K, committed 704K, reserved 1048576K
}
Event: 0.929 GC heap after
{Heap after GC invocations=2 (full 0):
 garbage-first heap   total 262144K, used 6507K [0x0000000701400000, 0x0000000800000000)
  region size 2048K, 1 young (2048K), 1 survivors (2048K)
 Metaspace       used 5306K, committed 5504K, reserved 1056768K
  class space    used 600K, committed 704K, reserved 1048576K
}
Event: 1.470 GC heap before
{Heap before GC invocations=2 (full 0):
 garbage-first heap   total 262144K, used 29035K [0x0000000701400000, 0x0000000800000000)
  region size 2048K, 13 young (26624K), 1 survivors (2048K)
 Metaspace       used 11654K, committed 11904K, reserved 1064960K
  class space    used 1399K, committed 1536K, reserved 1048576K
}
Event: 1.473 GC heap after
{Heap after GC invocations=3 (full 0):
 garbage-first heap   total 262144K, used 8303K [0x0000000701400000, 0x0000000800000000)
  region size 2048K, 2 young (4096K), 2 survivors (4096K)
 Metaspace       used 11654K, committed 11904K, reserved 1064960K
  class space    used 1399K, committed 1536K, reserved 1048576K
}

Deoptimization events (20 events):
Event: 2.352 Thread 0x000002a87df4bbb0 DEOPT PACKING pc=0x000002a862c88de6 sp=0x000000d9bcffda90
Event: 2.352 Thread 0x000002a87df4bbb0 DEOPT UNPACKING pc=0x000002a86a0d2b43 sp=0x000000d9bcffcf58 mode 0
Event: 2.352 Thread 0x000002a87df4bbb0 DEOPT PACKING pc=0x000002a862c8f665 sp=0x000000d9bcffda60
Event: 2.352 Thread 0x000002a87df4bbb0 DEOPT UNPACKING pc=0x000002a86a0d2b43 sp=0x000000d9bcffcf50 mode 0
Event: 2.352 Thread 0x000002a87df4bbb0 DEOPT PACKING pc=0x000002a862c88de6 sp=0x000000d9bcffda90
Event: 2.352 Thread 0x000002a87df4bbb0 DEOPT UNPACKING pc=0x000002a86a0d2b43 sp=0x000000d9bcffcf58 mode 0
Event: 2.353 Thread 0x000002a87df4bbb0 DEOPT PACKING pc=0x000002a862c8f665 sp=0x000000d9bcffda60
Event: 2.353 Thread 0x000002a87df4bbb0 DEOPT UNPACKING pc=0x000002a86a0d2b43 sp=0x000000d9bcffcf50 mode 0
Event: 2.471 Thread 0x000002a87df4bbb0 Uncommon trap: trap_request=0xffffff45 fr.pc=0x000002a86a702ac0 relative=0x0000000000000380
Event: 2.471 Thread 0x000002a87df4bbb0 Uncommon trap: reason=unstable_if action=reinterpret pc=0x000002a86a702ac0 method=java.lang.Integer.parseInt(Ljava/lang/String;I)I @ 119 c2
Event: 2.471 Thread 0x000002a87df4bbb0 DEOPT PACKING pc=0x000002a86a702ac0 sp=0x000000d9bcffda50
Event: 2.471 Thread 0x000002a87df4bbb0 DEOPT UNPACKING pc=0x000002a86a0d23a3 sp=0x000000d9bcffd9c8 mode 2
Event: 2.485 Thread 0x000002a87df4bbb0 Uncommon trap: trap_request=0xffffff45 fr.pc=0x000002a86a7138f0 relative=0x0000000000000170
Event: 2.485 Thread 0x000002a87df4bbb0 Uncommon trap: reason=unstable_if action=reinterpret pc=0x000002a86a7138f0 method=java.lang.StringLatin1.compareTo([B[BII)I @ 14 c2
Event: 2.485 Thread 0x000002a87df4bbb0 DEOPT PACKING pc=0x000002a86a7138f0 sp=0x000000d9bcffcdb0
Event: 2.486 Thread 0x000002a87df4bbb0 DEOPT UNPACKING pc=0x000002a86a0d23a3 sp=0x000000d9bcffcd28 mode 2
Event: 3.094 Thread 0x000002a87df4bbb0 Uncommon trap: trap_request=0xffffff45 fr.pc=0x000002a86a7271a0 relative=0x0000000000001000
Event: 3.094 Thread 0x000002a87df4bbb0 Uncommon trap: reason=unstable_if action=reinterpret pc=0x000002a86a7271a0 method=jdk.internal.jimage.ImageStringsReader.stringFromByteBufferMatches(Ljava/nio/ByteBuffer;ILjava/lang/String;I)I @ 48 c2
Event: 3.094 Thread 0x000002a87df4bbb0 DEOPT PACKING pc=0x000002a86a7271a0 sp=0x000000d9bcffd500
Event: 3.094 Thread 0x000002a87df4bbb0 DEOPT UNPACKING pc=0x000002a86a0d23a3 sp=0x000000d9bcffd258 mode 2

Classes unloaded (0 events):
No events

Classes redefined (0 events):
No events

Internal exceptions (20 events):
Event: 1.294 Thread 0x000002a87df4bbb0 Exception <a 'java/lang/NoSuchMethodError'{0x0000000710764a00}: 'void java.lang.invoke.DirectMethodHandle$Holder.invokeStaticInit(java.lang.Object, java.lang.Object, java.lang.Object)'> (0x0000000710764a00) 
thrown [s\open\src\hotspot\share\interpreter\linkResolver.cpp, line 759]
Event: 1.302 Thread 0x000002a87df4bbb0 Exception <a 'java/lang/NoSuchMethodError'{0x00000007107af448}: 'java.lang.Object java.lang.invoke.DirectMethodHandle$Holder.invokeVirtual(java.lang.Object, java.lang.Object, java.lang.Object)'> (0x00000007107af448) 
thrown [s\open\src\hotspot\share\interpreter\linkResolver.cpp, line 759]
Event: 1.307 Thread 0x000002a87df4bbb0 Exception <a 'java/lang/NoSuchMethodError'{0x00000007107d1220}: 'java.lang.Object java.lang.invoke.DirectMethodHandle$Holder.invokeStatic(java.lang.Object, java.lang.Object, long, java.lang.Object)'> (0x00000007107d1220) 
thrown [s\open\src\hotspot\share\interpreter\linkResolver.cpp, line 759]
Event: 1.308 Thread 0x000002a87df4bbb0 Exception <a 'java/lang/NoSuchMethodError'{0x00000007107d4cb8}: 'java.lang.Object java.lang.invoke.DirectMethodHandle$Holder.invokeStaticInit(java.lang.Object, java.lang.Object, long, java.lang.Object)'> (0x00000007107d4cb8) 
thrown [s\open\src\hotspot\share\interpreter\linkResolver.cpp, line 759]
Event: 1.309 Thread 0x000002a87df4bbb0 Exception <a 'java/lang/NoSuchMethodError'{0x00000007107db3c0}: 'java.lang.Object java.lang.invoke.DirectMethodHandle$Holder.newInvokeSpecial(java.lang.Object, java.lang.Object, long)'> (0x00000007107db3c0) 
thrown [s\open\src\hotspot\share\interpreter\linkResolver.cpp, line 759]
Event: 1.309 Thread 0x000002a87df4bbb0 Exception <a 'java/lang/NoSuchMethodError'{0x00000007107df188}: 'java.lang.Object java.lang.invoke.Invokers$Holder.linkToTargetMethod(java.lang.Object, long, java.lang.Object)'> (0x00000007107df188) 
thrown [s\open\src\hotspot\share\interpreter\linkResolver.cpp, line 759]
Event: 1.324 Thread 0x000002a87df4bbb0 Exception <a 'java/lang/NoSuchMethodError'{0x00000007104411d8}: 'void java.lang.invoke.DirectMethodHandle$Holder.invokeVirtual(java.lang.Object, java.lang.Object, java.lang.Object, java.lang.Object)'> (0x00000007104411d8) 
thrown [s\open\src\hotspot\share\interpreter\linkResolver.cpp, line 759]
Event: 1.368 Thread 0x000002a87df4bbb0 Exception <a 'java/lang/NoSuchMethodError'{0x00000007105b2b58}: 'void java.lang.invoke.DirectMethodHandle$Holder.invokeSpecial(java.lang.Object, java.lang.Object, java.lang.Object)'> (0x00000007105b2b58) 
thrown [s\open\src\hotspot\share\interpreter\linkResolver.cpp, line 759]
Event: 1.375 Thread 0x000002a87df4bbb0 Exception <a 'java/lang/IncompatibleClassChangeError'{0x00000007105e5d10}: Found class java.lang.Object, but interface was expected> (0x00000007105e5d10) 
thrown [s\open\src\hotspot\share\interpreter\linkResolver.cpp, line 826]
Event: 1.377 Thread 0x000002a87df4ebd0 Exception <a 'java/lang/NoClassDefFoundError'{0x0000000710207e08}: jakarta/validation/Validation> (0x0000000710207e08) 
thrown [s\open\src\hotspot\share\classfile\systemDictionary.cpp, line 245]
Event: 1.953 Thread 0x000002a87df4bbb0 Exception <a 'sun/nio/fs/WindowsException'{0x0000000710744e80}> (0x0000000710744e80) 
thrown [s\open\src\hotspot\share\prims\jni.cpp, line 516]
Event: 1.954 Thread 0x000002a87df4bbb0 Exception <a 'java/lang/NoSuchMethodError'{0x00000007107467e0}: 'int java.lang.invoke.DirectMethodHandle$Holder.invokeSpecial(java.lang.Object, java.lang.Object, java.lang.Object, java.lang.Object, java.lang.Object)'> (0x00000007107467e0) 
thrown [s\open\src\hotspot\share\interpreter\linkResolver.cpp, line 759]
Event: 1.957 Thread 0x000002a87df4bbb0 Exception <a 'java/lang/NoSuchMethodError'{0x000000071074f5d0}: 'void java.lang.invoke.DirectMethodHandle$Holder.invokeVirtual(java.lang.Object, java.lang.Object)'> (0x000000071074f5d0) 
thrown [s\open\src\hotspot\share\interpreter\linkResolver.cpp, line 759]
Event: 2.020 Thread 0x000002a87df4ebd0 Exception <a 'java/lang/NoSuchMethodError'{0x00000007103824f0}: 'long java.lang.invoke.DirectMethodHandle$Holder.invokeSpecial(java.lang.Object, java.lang.Object)'> (0x00000007103824f0) 
thrown [s\open\src\hotspot\share\interpreter\linkResolver.cpp, line 759]
Event: 2.027 Thread 0x000002a87df4ebd0 Exception <a 'java/lang/NoSuchMethodError'{0x000000071038d098}: 'long java.lang.invoke.DirectMethodHandle$Holder.invokeStatic(java.lang.Object, java.lang.Object)'> (0x000000071038d098) 
thrown [s\open\src\hotspot\share\interpreter\linkResolver.cpp, line 759]
Event: 2.027 Thread 0x000002a87df4ebd0 Exception <a 'java/lang/NoSuchMethodError'{0x00000007103903f0}: 'long java.lang.invoke.DirectMethodHandle$Holder.invokeStaticInit(java.lang.Object, java.lang.Object)'> (0x00000007103903f0) 
thrown [s\open\src\hotspot\share\interpreter\linkResolver.cpp, line 759]
Event: 2.031 Thread 0x000002a87df4ebd0 Exception <a 'java/lang/NoSuchMethodError'{0x000000071039dcf0}: 'long java.lang.invoke.DirectMethodHandle$Holder.invokeInterface(java.lang.Object, java.lang.Object)'> (0x000000071039dcf0) 
thrown [s\open\src\hotspot\share\interpreter\linkResolver.cpp, line 759]
Event: 2.032 Thread 0x000002a87df4ebd0 Exception <a 'java/lang/IncompatibleClassChangeError'{0x00000007103a0fd8}: Found class java.lang.Object, but interface was expected> (0x00000007103a0fd8) 
thrown [s\open\src\hotspot\share\interpreter\linkResolver.cpp, line 826]
Event: 2.064 Thread 0x000002a87df4ebd0 Exception <a 'java/lang/NoSuchMethodError'{0x000000071000fcb8}: 'java.lang.Object java.lang.invoke.DirectMethodHandle$Holder.invokeVirtual(java.lang.Object, java.lang.Object, java.lang.Object, java.lang.Object)'> (0x000000071000fcb8) 
thrown [s\open\src\hotspot\share\interpreter\linkResolver.cpp, line 759]
Event: 2.452 Thread 0x000002a87df4bbb0 Exception <a 'java/lang/IncompatibleClassChangeError'{0x000000070f26e590}: Found class java.lang.Object, but interface was expected> (0x000000070f26e590) 
thrown [s\open\src\hotspot\share\interpreter\linkResolver.cpp, line 826]

VM Operations (20 events):
Event: 1.337 Executing VM operation: ICBufferFull
Event: 1.338 Executing VM operation: ICBufferFull done
Event: 1.365 Executing VM operation: HandshakeAllThreads
Event: 1.365 Executing VM operation: HandshakeAllThreads done
Event: 1.365 Executing VM operation: HandshakeAllThreads
Event: 1.365 Executing VM operation: HandshakeAllThreads done
Event: 1.470 Executing VM operation: G1CollectForAllocation
Event: 1.473 Executing VM operation: G1CollectForAllocation done
Event: 1.502 Executing VM operation: HandshakeAllThreads
Event: 1.502 Executing VM operation: HandshakeAllThreads done
Event: 1.604 Executing VM operation: HandshakeAllThreads
Event: 1.604 Executing VM operation: HandshakeAllThreads done
Event: 1.914 Executing VM operation: HandshakeAllThreads
Event: 1.914 Executing VM operation: HandshakeAllThreads done
Event: 2.209 Executing VM operation: HandshakeAllThreads
Event: 2.209 Executing VM operation: HandshakeAllThreads done
Event: 2.251 Executing VM operation: HandshakeAllThreads
Event: 2.251 Executing VM operation: HandshakeAllThreads done
Event: 2.509 Executing VM operation: ICBufferFull
Event: 2.509 Executing VM operation: ICBufferFull done

Events (20 events):
Event: 2.264 loading class javax/security/auth/callback/CallbackHandler done
Event: 2.265 loading class com/sun/security/sasl/Provider
Event: 2.266 loading class com/sun/security/sasl/Provider done
Event: 2.266 loading class com/sun/security/sasl/Provider$1
Event: 2.266 loading class com/sun/security/sasl/Provider$1 done
Event: 2.266 loading class com/sun/security/sasl/Provider$ProviderService
Event: 2.266 loading class com/sun/security/sasl/Provider$ProviderService done
Event: 2.266 loading class sun/security/provider/certpath/ldap/JdkLDAP
Event: 2.266 loading class sun/security/provider/certpath/ldap/JdkLDAP done
Event: 2.267 loading class sun/security/provider/certpath/ldap/JdkLDAP$ProviderService
Event: 2.267 loading class sun/security/provider/certpath/ldap/JdkLDAP$ProviderService done
Event: 2.269 Thread 0x000002a87df4ebd0 Thread exited: 0x000002a87df4ebd0
Event: 2.355 Thread 0x000002a87df4cef0 Thread added: 0x000002a87df4cef0
Event: 2.379 loading class javax/naming/ldap/LdapContext
Event: 2.379 loading class javax/naming/directory/DirContext
Event: 2.379 loading class javax/naming/directory/DirContext done
Event: 2.379 loading class javax/naming/ldap/LdapContext done
Event: 2.437 Thread 0x000002a87df4cef0 Thread exited: 0x000002a87df4cef0
Event: 2.692 loading class java/beans/PropertyVetoException
Event: 2.692 loading class java/beans/PropertyVetoException done


Dynamic libraries:
0x00007ff6c1420000 - 0x00007ff6c1430000 	C:\Program Files\Java\jdk-17\bin\java.exe
0x00007fff8f6d0000 - 0x00007fff8f8c8000 	C:\WINDOWS\SYSTEM32\ntdll.dll
0x00007fff8f050000 - 0x00007fff8f111000 	C:\WINDOWS\System32\KERNEL32.DLL
0x00007fff8cd80000 - 0x00007fff8d07d000 	C:\WINDOWS\System32\KERNELBASE.dll
0x00007fff8d600000 - 0x00007fff8d700000 	C:\WINDOWS\System32\ucrtbase.dll
0x00007fff82b10000 - 0x00007fff82b2b000 	C:\Program Files\Java\jdk-17\bin\VCRUNTIME140.dll
0x00007fff7cc20000 - 0x00007fff7cc38000 	C:\Program Files\Java\jdk-17\bin\jli.dll
0x00007fff8e940000 - 0x00007fff8e9f0000 	C:\WINDOWS\System32\ADVAPI32.dll
0x00007fff8f5f0000 - 0x00007fff8f68e000 	C:\WINDOWS\System32\msvcrt.dll
0x00007fff8f550000 - 0x00007fff8f5f0000 	C:\WINDOWS\System32\sechost.dll
0x00007fff8f3f0000 - 0x00007fff8f513000 	C:\WINDOWS\System32\RPCRT4.dll
0x00007fff8d460000 - 0x00007fff8d487000 	C:\WINDOWS\System32\bcrypt.dll
0x00007fff8f120000 - 0x00007fff8f2bd000 	C:\WINDOWS\System32\USER32.dll
0x00007fff76160000 - 0x00007fff763fa000 	C:\WINDOWS\WinSxS\amd64_microsoft.windows.common-controls_6595b64144ccf1df_6.0.19041.4355_none_60b8b9eb71f62e16\COMCTL32.dll
0x00007fff8f520000 - 0x00007fff8f54b000 	C:\WINDOWS\System32\GDI32.dll
0x00007fff8d0f0000 - 0x00007fff8d112000 	C:\WINDOWS\System32\win32u.dll
0x00007fff8d490000 - 0x00007fff8d5a7000 	C:\WINDOWS\System32\gdi32full.dll
0x00007fff83350000 - 0x00007fff8335a000 	C:\WINDOWS\SYSTEM32\VERSION.dll
0x00007fff8d3c0000 - 0x00007fff8d45d000 	C:\WINDOWS\System32\msvcp_win.dll
0x00007fff8d8b0000 - 0x00007fff8d8df000 	C:\WINDOWS\System32\IMM32.DLL
0x00007fff8a380000 - 0x00007fff8a38c000 	C:\Program Files\Java\jdk-17\bin\vcruntime140_1.dll
0x00007fff67d30000 - 0x00007fff67dbe000 	C:\Program Files\Java\jdk-17\bin\msvcp140.dll
0x00007fff60b80000 - 0x00007fff61757000 	C:\Program Files\Java\jdk-17\bin\server\jvm.dll
0x00007fff8e930000 - 0x00007fff8e938000 	C:\WINDOWS\System32\PSAPI.DLL
0x00007fff77ea0000 - 0x00007fff77ea9000 	C:\WINDOWS\SYSTEM32\WSOCK32.dll
0x00007fff82c00000 - 0x00007fff82c27000 	C:\WINDOWS\SYSTEM32\WINMM.dll
0x00007fff8ef50000 - 0x00007fff8efbb000 	C:\WINDOWS\System32\WS2_32.dll
0x00007fff8abe0000 - 0x00007fff8abf2000 	C:\WINDOWS\SYSTEM32\kernel.appcore.dll
0x00007fff82ae0000 - 0x00007fff82aea000 	C:\Program Files\Java\jdk-17\bin\jimage.dll
0x00007fff75900000 - 0x00007fff75ae4000 	C:\WINDOWS\SYSTEM32\DBGHELP.DLL
0x00007fff758c0000 - 0x00007fff758f4000 	C:\WINDOWS\SYSTEM32\dbgcore.DLL
0x00007fff8d280000 - 0x00007fff8d302000 	C:\WINDOWS\System32\bcryptPrimitives.dll
0x00007fff7d6b0000 - 0x00007fff7d6be000 	C:\Program Files\Java\jdk-17\bin\instrument.dll
0x00007fff77390000 - 0x00007fff773b5000 	C:\Program Files\Java\jdk-17\bin\java.dll
0x00007fff64210000 - 0x00007fff642e7000 	C:\Program Files\Java\jdk-17\bin\jsvml.dll
0x00007fff8e1c0000 - 0x00007fff8e92f000 	C:\WINDOWS\System32\SHELL32.dll
0x00007fff8ade0000 - 0x00007fff8b583000 	C:\WINDOWS\SYSTEM32\windows.storage.dll
0x00007fff8d8e0000 - 0x00007fff8dc33000 	C:\WINDOWS\System32\combase.dll
0x00007fff8c6d0000 - 0x00007fff8c6fe000 	C:\WINDOWS\SYSTEM32\Wldp.dll
0x00007fff8e9f0000 - 0x00007fff8eabd000 	C:\WINDOWS\System32\OLEAUT32.dll
0x00007fff8e110000 - 0x00007fff8e1bd000 	C:\WINDOWS\System32\SHCORE.dll
0x00007fff8ec20000 - 0x00007fff8ec75000 	C:\WINDOWS\System32\shlwapi.dll
0x00007fff8ccb0000 - 0x00007fff8ccd4000 	C:\WINDOWS\SYSTEM32\profapi.dll
0x00007fff77210000 - 0x00007fff77228000 	C:\Program Files\Java\jdk-17\bin\zip.dll
0x00007fff7c9b0000 - 0x00007fff7c9c9000 	C:\Program Files\Java\jdk-17\bin\net.dll
0x00007fff88c80000 - 0x00007fff88d8d000 	C:\WINDOWS\SYSTEM32\WINHTTP.dll
0x00007fff8c4b0000 - 0x00007fff8c51a000 	C:\WINDOWS\system32\mswsock.dll
0x00007fff7c060000 - 0x00007fff7c076000 	C:\Program Files\Java\jdk-17\bin\nio.dll
0x00007fff70100000 - 0x00007fff7011a000 	D:\Program Files (x86)\JetBrains\IntelliJ IDEA Community Edition 2023.2.1\bin\breakgen64.dll
0x00007fff89160000 - 0x00007fff8916a000 	C:\Program Files\Java\jdk-17\bin\management.dll
0x00007fff89150000 - 0x00007fff8915b000 	C:\Program Files\Java\jdk-17\bin\management_ext.dll
0x00007fff82b40000 - 0x00007fff82b4d000 	C:\Program Files\Java\jdk-17\bin\sunmscapi.dll
0x00007fff8d120000 - 0x00007fff8d27c000 	C:\WINDOWS\System32\CRYPT32.dll
0x00007fff8c740000 - 0x00007fff8c769000 	C:\WINDOWS\SYSTEM32\ncrypt.dll
0x00007fff8c700000 - 0x00007fff8c73b000 	C:\WINDOWS\SYSTEM32\NTASN1.dll

dbghelp: loaded successfully - version: 4.0.5 - missing functions: none
symbol engine: initialized successfully - sym options: 0x614 - pdb path: .;C:\Program Files\Java\jdk-17\bin;C:\WINDOWS\SYSTEM32;C:\WINDOWS\WinSxS\amd64_microsoft.windows.common-controls_6595b64144ccf1df_6.0.19041.4355_none_60b8b9eb71f62e16;C:\Program Files\Java\jdk-17\bin\server;D:\Program Files (x86)\JetBrains\IntelliJ IDEA Community Edition 2023.2.1\bin

VM Arguments:
jvm_args: -javaagent:D:\Program Files (x86)\JetBrains\IntelliJ IDEA Community Edition 2023.2.1\lib\idea_rt.jar=56365:D:\Program Files (x86)\JetBrains\IntelliJ IDEA Community Edition 2023.2.1\bin -Dfile.encoding=UTF-8 
java_command: com.emilio.backend.BackendApplication
java_class_path (initial): D:\Trabajo\Pruebas Tecnicas\Ensolvers\Porras-7c010b\backend\target\classes;C:\Users\EMILIOPC\.m2\repository\org\mapstruct\mapstruct\1.5.5.Final\mapstruct-1.5.5.Final.jar;C:\Users\EMILIOPC\.m2\repository\org\mapstruct\mapstruct-processor\1.5.5.Final\mapstruct-processor-1.5.5.Final.jar;C:\Users\EMILIOPC\.m2\repository\org\springframework\boot\spring-boot-starter-data-jpa\3.3.3\spring-boot-starter-data-jpa-3.3.3.jar;C:\Users\EMILIOPC\.m2\repository\org\springframework\boot\spring-boot-starter-aop\3.3.3\spring-boot-starter-aop-3.3.3.jar;C:\Users\EMILIOPC\.m2\repository\org\springframework\spring-aop\6.1.12\spring-aop-6.1.12.jar;C:\Users\EMILIOPC\.m2\repository\org\aspectj\aspectjweaver\1.9.22.1\aspectjweaver-1.9.22.1.jar;C:\Users\EMILIOPC\.m2\repository\org\springframework\boot\spring-boot-starter-jdbc\3.3.3\spring-boot-starter-jdbc-3.3.3.jar;C:\Users\EMILIOPC\.m2\repository\com\zaxxer\HikariCP\5.1.0\HikariCP-5.1.0.jar;C:\Users\EMILIOPC\.m2\repository\org\springframework\spring-jdbc\6.1.12\spring-jdbc-6.1.12.jar;C:\Users\EMILIOPC\.m2\repository\org\hibernate\orm\hibernate-core\6.5.2.Final\hibernate-core-6.5.2.Final.jar;C:\Users\EMILIOPC\.m2\repository\jakarta\persistence\jakarta.persistence-api\3.1.0\jakarta.persistence-api-3.1.0.jar;C:\Users\EMILIOPC\.m2\repository\jakarta\transaction\jakarta.transaction-api\2.0.1\jakarta.transaction-api-2.0.1.jar;C:\Users\EMILIOPC\.m2\repository\org\jboss\logging\jboss-logging\3.5.3.Final\jboss-logging-3.5.3.Final.jar;C:\Users\EMILIOPC\.m2\repository\org\hibernate\common\hibernate-commons-annotations\6.0.6.Final\hibernate-commons-annotations-6.0.6.Final.jar;C:\Users\EMILIOPC\.m2\repository\io\smallrye\jandex\3.1.2\jandex-3.1.2.jar;C:\Users\EMILIOPC\.m2\repository\com\fasterxml\classmate\1.7.0\classmate-1.7.0.jar;C:\Users\EMILIOPC\.m2\repository\net\bytebuddy\byte-buddy\1.14.19\byte-buddy-1.14.19.jar;C:\Users\EMILIOPC\.m2\repository\org\glassfish\jaxb\jaxb-runtime\4.0.5\jaxb-runtime-4.0.5.jar;C:\Users\EMILI
Launcher Type: SUN_STANDARD

[Global flags]
     intx CICompilerCount                          = 3                                         {product} {ergonomic}
     uint ConcGCThreads                            = 1                                         {product} {ergonomic}
     uint G1ConcRefinementThreads                  = 4                                         {product} {ergonomic}
   size_t G1HeapRegionSize                         = 2097152                                   {product} {ergonomic}
    uintx GCDrainStackTargetSize                   = 64                                        {product} {ergonomic}
   size_t InitialHeapSize                          = 268435456                                 {product} {ergonomic}
   size_t MarkStackSize                            = 4194304                                   {product} {ergonomic}
   size_t MaxHeapSize                              = 4273995776                                {product} {ergonomic}
   size_t MaxNewSize                               = 2562719744                                {product} {ergonomic}
   size_t MinHeapDeltaBytes                        = 2097152                                   {product} {ergonomic}
   size_t MinHeapSize                              = 8388608                                   {product} {ergonomic}
    uintx NonNMethodCodeHeapSize                   = 5832780                                {pd product} {ergonomic}
    uintx NonProfiledCodeHeapSize                  = 122912730                              {pd product} {ergonomic}
    uintx ProfiledCodeHeapSize                     = 122912730                              {pd product} {ergonomic}
    uintx ReservedCodeCacheSize                    = 251658240                              {pd product} {ergonomic}
     bool SegmentedCodeCache                       = true                                      {product} {ergonomic}
   size_t SoftMaxHeapSize                          = 4273995776                             {manageable} {ergonomic}
     bool UseCompressedClassPointers               = true                           {product lp64_product} {ergonomic}
     bool UseCompressedOops                        = true                           {product lp64_product} {ergonomic}
     bool UseG1GC                                  = true                                      {product} {ergonomic}
     bool UseLargePagesIndividualAllocation        = false                                  {pd product} {ergonomic}

Logging:
Log output configuration:
 #0: stdout all=warning uptime,level,tags
 #1: stderr all=off uptime,level,tags

Environment Variables:
CLASSPATH=D:\Universidad\Lingo\Lingo19.jar
PATH=C:\Program Files (x86)\Razer Chroma SDK\bin;C:\Program Files\Razer Chroma SDK\bin;C:\Program Files (x86)\Razer\ChromaBroadcast\bin;C:\Program Files\Razer\ChromaBroadcast\bin;C:\Python311\Scripts\;C:\Python311\;C:\Program Files\Java\jdk-17.0.2\bin;C:\Program Files\Common Files\Oracle\Java\javapath;C:\Program Files (x86)\NVIDIA Corporation\PhysX\Common;C:\WINDOWS\system32;C:\WINDOWS;C:\WINDOWS\System32\Wbem;C:\WINDOWS\System32\WindowsPowerShell\v1.0\;C:\WINDOWS\System32\OpenSSH\;D:\Academico\bin;C:\Program Files (x86)\Wolfram Research\WolframScript\;D:\Universidad\Lingo\;C:\ProgramData\chocolatey\bin;D:\Program Files (x86)\Git\cmd;C:\Users\EMILIOPC\AppData\Roaming\Python\Python311\Scripts;D:\Program Files (x86)\Graphviz\bin\dot.exe;D:\Program Files (x86)\Multichain;C:\WINDOWS\system32\config\systemprofile\AppData\Local\Microsoft\WindowsApps;C:\Users\EMILIOPC\AppData\Roaming\Python\Scripts;C:\Users\EMILIOPC\AppData\Local\Microsoft\WindowsApps;C:\Users\EMILIOPC\AppData\Local\GitHubDesktop\bin;D:\Program Files (x86)\Microsoft VS Code\bin;D:\Program Files (x86)\Graphviz\bin;D:\Program Files (x86)\Maven\apache-maven-3.9.1\bin;C:\Program Files\Java\jdk-17.0.2\bin;D:\Program Files (x86)\JetBrains\IntelliJ IDEA Community Edition 2023.2.1\bin;;D:\Program Files (x86)\JetBrains\IntelliJ IDEA 2023.2.5\bin;;D:\Program Files (x86)\JetBrains\PyCharm 2023.2.1\bin;;C:\Users\EMILIOPC\AppData\Roaming\Python\Scripts;D:\Program Files (x86)\heroku\bin
USERNAME=EMILIOPC
OS=Windows_NT
PROCESSOR_IDENTIFIER=Intel64 Family 6 Model 158 Stepping 11, GenuineIntel



---------------  S Y S T E M  ---------------

OS:
 Windows 10 , 64 bit Build 19041 (10.0.19041.4842)
OS uptime: 1 days 7:00 hours
Hyper-V role detected

CPU: total 4 (initial active 4) (4 cores per cpu, 1 threads per core) family 6 model 158 stepping 11 microcode 0xea, cx8, cmov, fxsr, mmx, 3dnowpref, sse, sse2, sse3, ssse3, sse4.1, sse4.2, popcnt, lzcnt, tsc, tscinvbit, avx, avx2, aes, erms, clmul, bmi1, bmi2, adx, fma, vzeroupper, clflush, clflushopt, hv

Memory: 4k page, system-wide physical 16299M (1400M free)
TotalPageFile size 30474M (AvailPageFile size 0M)
current process WorkingSet (physical memory assigned to process): 138M, peak: 140M
current process commit charge ("private bytes"): 387M, peak: 392M

vm_info: Java HotSpot(TM) 64-Bit Server VM (17.0.6+9-LTS-190) for windows-amd64 JRE (17.0.6+9-LTS-190), built on Dec  6 2022 15:53:54 by "mach5one" with MS VC++ 17.1 (VS2022)

END.
